<?xml version="1.0" encoding="UTF-8"?>
<!-- Generated by org.testng.reporters.JUnitXMLReporter -->
<testsuite ignored="0" hostname="Sanjays-MacBook-Air.local" failures="0" tests="3" name="Test" time="104.303" errors="0" timestamp="2024-07-30T13:25:28 IST">
  <testcase classname="com.automationTalks.demoProject1.TestClass1" name="test1" time="4.175"/>
  <testcase classname="com.automationTalks.demoProject1.TestClass1" name="test2" time="11.739"/>
  <testcase classname="com.automationTalks.demoProject1.TestClass1" name="test3" time="10.859"/>
</testsuite> <!-- Test -->
