<?xml version="1.0" encoding="UTF-8"?>
<testng-results ignored="0" total="3" passed="3" failed="0" skipped="0">
  <reporter-output>
  </reporter-output>
  <suite started-at="2024-07-30T13:04:31 IST" name="Suite" finished-at="2024-07-30T13:06:07 IST" duration-ms="95961">
    <groups>
    </groups>
    <test started-at="2024-07-30T13:04:31 IST" name="Test" finished-at="2024-07-30T13:06:07 IST" duration-ms="95961">
      <class name="com.automationTalks.demoProject1.TestClass1">
        <test-method is-config="true" signature="launchDriver()[pri:0, instance:com.automationTalks.demoProject1.TestClass1@6f96c77]" started-at="2024-07-30T13:04:31 IST" name="launchDriver" finished-at="2024-07-30T13:04:53 IST" duration-ms="22464" status="PASS">
          <reporter-output>
          </reporter-output>
        </test-method> <!-- launchDriver -->
        <test-method signature="test1()[pri:0, instance:com.automationTalks.demoProject1.TestClass1@6f96c77]" started-at="2024-07-30T13:04:53 IST" name="test1" finished-at="2024-07-30T13:04:58 IST" duration-ms="4160" status="PASS">
          <reporter-output>
          </reporter-output>
        </test-method> <!-- test1 -->
        <test-method is-config="true" signature="test4()[pri:0, instance:com.automationTalks.demoProject1.TestClass1@6f96c77]" started-at="2024-07-30T13:04:58 IST" name="test4" finished-at="2024-07-30T13:04:58 IST" duration-ms="98" status="PASS">
          <reporter-output>
          </reporter-output>
        </test-method> <!-- test4 -->
        <test-method is-config="true" signature="launchDriver()[pri:0, instance:com.automationTalks.demoProject1.TestClass1@6f96c77]" started-at="2024-07-30T13:04:58 IST" name="launchDriver" finished-at="2024-07-30T13:05:20 IST" duration-ms="22267" status="PASS">
          <reporter-output>
          </reporter-output>
        </test-method> <!-- launchDriver -->
        <test-method signature="test2()[pri:0, instance:com.automationTalks.demoProject1.TestClass1@6f96c77]" started-at="2024-07-30T13:05:20 IST" name="test2" finished-at="2024-07-30T13:05:33 IST" duration-ms="13059" status="PASS">
          <reporter-output>
          </reporter-output>
        </test-method> <!-- test2 -->
        <test-method is-config="true" signature="test4()[pri:0, instance:com.automationTalks.demoProject1.TestClass1@6f96c77]" started-at="2024-07-30T13:05:33 IST" name="test4" finished-at="2024-07-30T13:05:33 IST" duration-ms="99" status="PASS">
          <reporter-output>
          </reporter-output>
        </test-method> <!-- test4 -->
        <test-method is-config="true" signature="launchDriver()[pri:0, instance:com.automationTalks.demoProject1.TestClass1@6f96c77]" started-at="2024-07-30T13:05:33 IST" name="launchDriver" finished-at="2024-07-30T13:05:55 IST" duration-ms="21723" status="PASS">
          <reporter-output>
          </reporter-output>
        </test-method> <!-- launchDriver -->
        <test-method signature="test3()[pri:0, instance:com.automationTalks.demoProject1.TestClass1@6f96c77]" started-at="2024-07-30T13:05:55 IST" name="test3" finished-at="2024-07-30T13:06:07 IST" duration-ms="11959" status="PASS">
          <reporter-output>
          </reporter-output>
        </test-method> <!-- test3 -->
        <test-method is-config="true" signature="test4()[pri:0, instance:com.automationTalks.demoProject1.TestClass1@6f96c77]" started-at="2024-07-30T13:06:07 IST" name="test4" finished-at="2024-07-30T13:06:07 IST" duration-ms="103" status="PASS">
          <reporter-output>
          </reporter-output>
        </test-method> <!-- test4 -->
      </class> <!-- com.automationTalks.demoProject1.TestClass1 -->
    </test> <!-- Test -->
  </suite> <!-- Suite -->
</testng-results>
